Jun 11 2024 12:45:03
{"type":8192,"message":"Return type of Ai1wm_Recursive_Newline_Filter::accept() should either be compatible with FilterIterator::accept(): bool, or the #[\\ReturnTypeWillChange] attribute should be used to temporarily suppress the notice","file":"D:\\xampp\\htdocs\\autolisting2\\wp-content\\plugins\\all-in-one-wp-migration\\lib\\vendor\\servmask\\filter\\class-ai1wm-recursive-newline-filter.php","line":28}

Jun 11 2024 12:45:04
{"type":8192,"message":"Return type of Ai1wm_Recursive_Newline_Filter::accept() should either be compatible with FilterIterator::accept(): bool, or the #[\\ReturnTypeWillChange] attribute should be used to temporarily suppress the notice","file":"D:\\xampp\\htdocs\\autolisting2\\wp-content\\plugins\\all-in-one-wp-migration\\lib\\vendor\\servmask\\filter\\class-ai1wm-recursive-newline-filter.php","line":28}

Jun 11 2024 12:45:04
{"type":8192,"message":"Return type of Ai1wm_Recursive_Newline_Filter::accept() should either be compatible with FilterIterator::accept(): bool, or the #[\\ReturnTypeWillChange] attribute should be used to temporarily suppress the notice","file":"D:\\xampp\\htdocs\\autolisting2\\wp-content\\plugins\\all-in-one-wp-migration\\lib\\vendor\\servmask\\filter\\class-ai1wm-recursive-newline-filter.php","line":28}

Jun 11 2024 12:45:05
{"type":8192,"message":"Return type of Ai1wm_Recursive_Newline_Filter::accept() should either be compatible with FilterIterator::accept(): bool, or the #[\\ReturnTypeWillChange] attribute should be used to temporarily suppress the notice","file":"D:\\xampp\\htdocs\\autolisting2\\wp-content\\plugins\\all-in-one-wp-migration\\lib\\vendor\\servmask\\filter\\class-ai1wm-recursive-newline-filter.php","line":28}

Jun 11 2024 12:45:06
{"type":8192,"message":"Return type of Ai1wm_Recursive_Newline_Filter::accept() should either be compatible with FilterIterator::accept(): bool, or the #[\\ReturnTypeWillChange] attribute should be used to temporarily suppress the notice","file":"D:\\xampp\\htdocs\\autolisting2\\wp-content\\plugins\\all-in-one-wp-migration\\lib\\vendor\\servmask\\filter\\class-ai1wm-recursive-newline-filter.php","line":28}

Jun 11 2024 12:45:06
{"type":8192,"message":"Return type of Ai1wm_Recursive_Newline_Filter::accept() should either be compatible with FilterIterator::accept(): bool, or the #[\\ReturnTypeWillChange] attribute should be used to temporarily suppress the notice","file":"D:\\xampp\\htdocs\\autolisting2\\wp-content\\plugins\\all-in-one-wp-migration\\lib\\vendor\\servmask\\filter\\class-ai1wm-recursive-newline-filter.php","line":28}

Jun 11 2024 12:45:07
{"type":8192,"message":"Return type of Ai1wm_Recursive_Newline_Filter::accept() should either be compatible with FilterIterator::accept(): bool, or the #[\\ReturnTypeWillChange] attribute should be used to temporarily suppress the notice","file":"D:\\xampp\\htdocs\\autolisting2\\wp-content\\plugins\\all-in-one-wp-migration\\lib\\vendor\\servmask\\filter\\class-ai1wm-recursive-newline-filter.php","line":28}

Jun 11 2024 12:45:07
{"type":8192,"message":"Return type of Ai1wm_Recursive_Newline_Filter::accept() should either be compatible with FilterIterator::accept(): bool, or the #[\\ReturnTypeWillChange] attribute should be used to temporarily suppress the notice","file":"D:\\xampp\\htdocs\\autolisting2\\wp-content\\plugins\\all-in-one-wp-migration\\lib\\vendor\\servmask\\filter\\class-ai1wm-recursive-newline-filter.php","line":28}

Jun 11 2024 12:45:08
{"type":8192,"message":"Return type of Ai1wm_Recursive_Newline_Filter::accept() should either be compatible with FilterIterator::accept(): bool, or the #[\\ReturnTypeWillChange] attribute should be used to temporarily suppress the notice","file":"D:\\xampp\\htdocs\\autolisting2\\wp-content\\plugins\\all-in-one-wp-migration\\lib\\vendor\\servmask\\filter\\class-ai1wm-recursive-newline-filter.php","line":28}

Jun 11 2024 12:45:09
{"type":8192,"message":"Return type of Ai1wm_Recursive_Newline_Filter::accept() should either be compatible with FilterIterator::accept(): bool, or the #[\\ReturnTypeWillChange] attribute should be used to temporarily suppress the notice","file":"D:\\xampp\\htdocs\\autolisting2\\wp-content\\plugins\\all-in-one-wp-migration\\lib\\vendor\\servmask\\filter\\class-ai1wm-recursive-newline-filter.php","line":28}

Jun 11 2024 12:45:09
{"type":8192,"message":"Return type of Ai1wm_Recursive_Newline_Filter::accept() should either be compatible with FilterIterator::accept(): bool, or the #[\\ReturnTypeWillChange] attribute should be used to temporarily suppress the notice","file":"D:\\xampp\\htdocs\\autolisting2\\wp-content\\plugins\\all-in-one-wp-migration\\lib\\vendor\\servmask\\filter\\class-ai1wm-recursive-newline-filter.php","line":28}

Jun 11 2024 12:45:10
{"type":8192,"message":"Return type of Ai1wm_Recursive_Newline_Filter::accept() should either be compatible with FilterIterator::accept(): bool, or the #[\\ReturnTypeWillChange] attribute should be used to temporarily suppress the notice","file":"D:\\xampp\\htdocs\\autolisting2\\wp-content\\plugins\\all-in-one-wp-migration\\lib\\vendor\\servmask\\filter\\class-ai1wm-recursive-newline-filter.php","line":28}

Jun 11 2024 12:45:11
{"type":8192,"message":"Return type of Ai1wm_Recursive_Newline_Filter::accept() should either be compatible with FilterIterator::accept(): bool, or the #[\\ReturnTypeWillChange] attribute should be used to temporarily suppress the notice","file":"D:\\xampp\\htdocs\\autolisting2\\wp-content\\plugins\\all-in-one-wp-migration\\lib\\vendor\\servmask\\filter\\class-ai1wm-recursive-newline-filter.php","line":28}

Jun 11 2024 12:45:11
{"type":8192,"message":"Return type of Ai1wm_Recursive_Newline_Filter::accept() should either be compatible with FilterIterator::accept(): bool, or the #[\\ReturnTypeWillChange] attribute should be used to temporarily suppress the notice","file":"D:\\xampp\\htdocs\\autolisting2\\wp-content\\plugins\\all-in-one-wp-migration\\lib\\vendor\\servmask\\filter\\class-ai1wm-recursive-newline-filter.php","line":28}

Jun 11 2024 12:45:12
{"type":8192,"message":"Return type of Ai1wm_Recursive_Newline_Filter::accept() should either be compatible with FilterIterator::accept(): bool, or the #[\\ReturnTypeWillChange] attribute should be used to temporarily suppress the notice","file":"D:\\xampp\\htdocs\\autolisting2\\wp-content\\plugins\\all-in-one-wp-migration\\lib\\vendor\\servmask\\filter\\class-ai1wm-recursive-newline-filter.php","line":28}

Jun 11 2024 12:45:12
{"type":8192,"message":"Return type of Ai1wm_Recursive_Newline_Filter::accept() should either be compatible with FilterIterator::accept(): bool, or the #[\\ReturnTypeWillChange] attribute should be used to temporarily suppress the notice","file":"D:\\xampp\\htdocs\\autolisting2\\wp-content\\plugins\\all-in-one-wp-migration\\lib\\vendor\\servmask\\filter\\class-ai1wm-recursive-newline-filter.php","line":28}

Jun 11 2024 12:45:13
{"type":8192,"message":"Return type of Ai1wm_Recursive_Newline_Filter::accept() should either be compatible with FilterIterator::accept(): bool, or the #[\\ReturnTypeWillChange] attribute should be used to temporarily suppress the notice","file":"D:\\xampp\\htdocs\\autolisting2\\wp-content\\plugins\\all-in-one-wp-migration\\lib\\vendor\\servmask\\filter\\class-ai1wm-recursive-newline-filter.php","line":28}

Jun 11 2024 12:45:14
{"type":8192,"message":"Return type of Ai1wm_Recursive_Newline_Filter::accept() should either be compatible with FilterIterator::accept(): bool, or the #[\\ReturnTypeWillChange] attribute should be used to temporarily suppress the notice","file":"D:\\xampp\\htdocs\\autolisting2\\wp-content\\plugins\\all-in-one-wp-migration\\lib\\vendor\\servmask\\filter\\class-ai1wm-recursive-newline-filter.php","line":28}

Jun 11 2024 12:45:14
{"type":8192,"message":"Return type of Ai1wm_Recursive_Newline_Filter::accept() should either be compatible with FilterIterator::accept(): bool, or the #[\\ReturnTypeWillChange] attribute should be used to temporarily suppress the notice","file":"D:\\xampp\\htdocs\\autolisting2\\wp-content\\plugins\\all-in-one-wp-migration\\lib\\vendor\\servmask\\filter\\class-ai1wm-recursive-newline-filter.php","line":28}

Jun 11 2024 12:45:15
{"type":8192,"message":"Return type of Ai1wm_Recursive_Newline_Filter::accept() should either be compatible with FilterIterator::accept(): bool, or the #[\\ReturnTypeWillChange] attribute should be used to temporarily suppress the notice","file":"D:\\xampp\\htdocs\\autolisting2\\wp-content\\plugins\\all-in-one-wp-migration\\lib\\vendor\\servmask\\filter\\class-ai1wm-recursive-newline-filter.php","line":28}

Jun 11 2024 12:45:15
{"type":8192,"message":"Return type of Ai1wm_Recursive_Newline_Filter::accept() should either be compatible with FilterIterator::accept(): bool, or the #[\\ReturnTypeWillChange] attribute should be used to temporarily suppress the notice","file":"D:\\xampp\\htdocs\\autolisting2\\wp-content\\plugins\\all-in-one-wp-migration\\lib\\vendor\\servmask\\filter\\class-ai1wm-recursive-newline-filter.php","line":28}

Jun 11 2024 12:45:16
{"type":8192,"message":"Return type of Ai1wm_Recursive_Newline_Filter::accept() should either be compatible with FilterIterator::accept(): bool, or the #[\\ReturnTypeWillChange] attribute should be used to temporarily suppress the notice","file":"D:\\xampp\\htdocs\\autolisting2\\wp-content\\plugins\\all-in-one-wp-migration\\lib\\vendor\\servmask\\filter\\class-ai1wm-recursive-newline-filter.php","line":28}

Jun 11 2024 12:45:17
{"type":8192,"message":"Return type of Ai1wm_Recursive_Newline_Filter::accept() should either be compatible with FilterIterator::accept(): bool, or the #[\\ReturnTypeWillChange] attribute should be used to temporarily suppress the notice","file":"D:\\xampp\\htdocs\\autolisting2\\wp-content\\plugins\\all-in-one-wp-migration\\lib\\vendor\\servmask\\filter\\class-ai1wm-recursive-newline-filter.php","line":28}

Jun 11 2024 12:45:17
{"type":8192,"message":"Return type of Ai1wm_Recursive_Newline_Filter::accept() should either be compatible with FilterIterator::accept(): bool, or the #[\\ReturnTypeWillChange] attribute should be used to temporarily suppress the notice","file":"D:\\xampp\\htdocs\\autolisting2\\wp-content\\plugins\\all-in-one-wp-migration\\lib\\vendor\\servmask\\filter\\class-ai1wm-recursive-newline-filter.php","line":28}

Jun 11 2024 12:45:18
{"type":8192,"message":"Return type of Ai1wm_Recursive_Newline_Filter::accept() should either be compatible with FilterIterator::accept(): bool, or the #[\\ReturnTypeWillChange] attribute should be used to temporarily suppress the notice","file":"D:\\xampp\\htdocs\\autolisting2\\wp-content\\plugins\\all-in-one-wp-migration\\lib\\vendor\\servmask\\filter\\class-ai1wm-recursive-newline-filter.php","line":28}

Jun 11 2024 12:45:18
{"type":8192,"message":"Return type of Ai1wm_Recursive_Newline_Filter::accept() should either be compatible with FilterIterator::accept(): bool, or the #[\\ReturnTypeWillChange] attribute should be used to temporarily suppress the notice","file":"D:\\xampp\\htdocs\\autolisting2\\wp-content\\plugins\\all-in-one-wp-migration\\lib\\vendor\\servmask\\filter\\class-ai1wm-recursive-newline-filter.php","line":28}

Jun 11 2024 12:45:19
{"type":8192,"message":"Return type of Ai1wm_Recursive_Newline_Filter::accept() should either be compatible with FilterIterator::accept(): bool, or the #[\\ReturnTypeWillChange] attribute should be used to temporarily suppress the notice","file":"D:\\xampp\\htdocs\\autolisting2\\wp-content\\plugins\\all-in-one-wp-migration\\lib\\vendor\\servmask\\filter\\class-ai1wm-recursive-newline-filter.php","line":28}

Jun 11 2024 12:45:19
{"type":8192,"message":"Return type of Ai1wm_Recursive_Newline_Filter::accept() should either be compatible with FilterIterator::accept(): bool, or the #[\\ReturnTypeWillChange] attribute should be used to temporarily suppress the notice","file":"D:\\xampp\\htdocs\\autolisting2\\wp-content\\plugins\\all-in-one-wp-migration\\lib\\vendor\\servmask\\filter\\class-ai1wm-recursive-newline-filter.php","line":28}

Jun 11 2024 12:45:20
{"type":8192,"message":"Return type of Ai1wm_Recursive_Newline_Filter::accept() should either be compatible with FilterIterator::accept(): bool, or the #[\\ReturnTypeWillChange] attribute should be used to temporarily suppress the notice","file":"D:\\xampp\\htdocs\\autolisting2\\wp-content\\plugins\\all-in-one-wp-migration\\lib\\vendor\\servmask\\filter\\class-ai1wm-recursive-newline-filter.php","line":28}

Jun 11 2024 12:45:21
{"type":8192,"message":"Return type of Ai1wm_Recursive_Newline_Filter::accept() should either be compatible with FilterIterator::accept(): bool, or the #[\\ReturnTypeWillChange] attribute should be used to temporarily suppress the notice","file":"D:\\xampp\\htdocs\\autolisting2\\wp-content\\plugins\\all-in-one-wp-migration\\lib\\vendor\\servmask\\filter\\class-ai1wm-recursive-newline-filter.php","line":28}

Jun 11 2024 12:45:21
{"type":8192,"message":"Return type of Ai1wm_Recursive_Newline_Filter::accept() should either be compatible with FilterIterator::accept(): bool, or the #[\\ReturnTypeWillChange] attribute should be used to temporarily suppress the notice","file":"D:\\xampp\\htdocs\\autolisting2\\wp-content\\plugins\\all-in-one-wp-migration\\lib\\vendor\\servmask\\filter\\class-ai1wm-recursive-newline-filter.php","line":28}

Jun 11 2024 12:45:22
{"type":8192,"message":"Return type of Ai1wm_Recursive_Newline_Filter::accept() should either be compatible with FilterIterator::accept(): bool, or the #[\\ReturnTypeWillChange] attribute should be used to temporarily suppress the notice","file":"D:\\xampp\\htdocs\\autolisting2\\wp-content\\plugins\\all-in-one-wp-migration\\lib\\vendor\\servmask\\filter\\class-ai1wm-recursive-newline-filter.php","line":28}

Jun 11 2024 12:45:22
{"type":8192,"message":"Return type of Ai1wm_Recursive_Newline_Filter::accept() should either be compatible with FilterIterator::accept(): bool, or the #[\\ReturnTypeWillChange] attribute should be used to temporarily suppress the notice","file":"D:\\xampp\\htdocs\\autolisting2\\wp-content\\plugins\\all-in-one-wp-migration\\lib\\vendor\\servmask\\filter\\class-ai1wm-recursive-newline-filter.php","line":28}

Jun 11 2024 12:45:23
{"type":8192,"message":"Return type of Ai1wm_Recursive_Newline_Filter::accept() should either be compatible with FilterIterator::accept(): bool, or the #[\\ReturnTypeWillChange] attribute should be used to temporarily suppress the notice","file":"D:\\xampp\\htdocs\\autolisting2\\wp-content\\plugins\\all-in-one-wp-migration\\lib\\vendor\\servmask\\filter\\class-ai1wm-recursive-newline-filter.php","line":28}

Jun 11 2024 12:45:24
{"type":8192,"message":"Return type of Ai1wm_Recursive_Newline_Filter::accept() should either be compatible with FilterIterator::accept(): bool, or the #[\\ReturnTypeWillChange] attribute should be used to temporarily suppress the notice","file":"D:\\xampp\\htdocs\\autolisting2\\wp-content\\plugins\\all-in-one-wp-migration\\lib\\vendor\\servmask\\filter\\class-ai1wm-recursive-newline-filter.php","line":28}

Jun 11 2024 12:45:29
{"type":8192,"message":"Return type of Ai1wm_Recursive_Newline_Filter::accept() should either be compatible with FilterIterator::accept(): bool, or the #[\\ReturnTypeWillChange] attribute should be used to temporarily suppress the notice","file":"D:\\xampp\\htdocs\\autolisting2\\wp-content\\plugins\\all-in-one-wp-migration\\lib\\vendor\\servmask\\filter\\class-ai1wm-recursive-newline-filter.php","line":28}

Jun 11 2024 12:45:29
{"type":8192,"message":"Return type of Ai1wm_Recursive_Newline_Filter::accept() should either be compatible with FilterIterator::accept(): bool, or the #[\\ReturnTypeWillChange] attribute should be used to temporarily suppress the notice","file":"D:\\xampp\\htdocs\\autolisting2\\wp-content\\plugins\\all-in-one-wp-migration\\lib\\vendor\\servmask\\filter\\class-ai1wm-recursive-newline-filter.php","line":28}

Jun 11 2024 12:45:30
{"type":8192,"message":"Return type of Ai1wm_Recursive_Newline_Filter::accept() should either be compatible with FilterIterator::accept(): bool, or the #[\\ReturnTypeWillChange] attribute should be used to temporarily suppress the notice","file":"D:\\xampp\\htdocs\\autolisting2\\wp-content\\plugins\\all-in-one-wp-migration\\lib\\vendor\\servmask\\filter\\class-ai1wm-recursive-newline-filter.php","line":28}

Jun 11 2024 12:45:30
{"type":8192,"message":"Return type of Ai1wm_Recursive_Newline_Filter::accept() should either be compatible with FilterIterator::accept(): bool, or the #[\\ReturnTypeWillChange] attribute should be used to temporarily suppress the notice","file":"D:\\xampp\\htdocs\\autolisting2\\wp-content\\plugins\\all-in-one-wp-migration\\lib\\vendor\\servmask\\filter\\class-ai1wm-recursive-newline-filter.php","line":28}

Jun 11 2024 12:45:43
{"type":8192,"message":"Return type of Ai1wm_Recursive_Newline_Filter::accept() should either be compatible with FilterIterator::accept(): bool, or the #[\\ReturnTypeWillChange] attribute should be used to temporarily suppress the notice","file":"D:\\xampp\\htdocs\\autolisting2\\wp-content\\plugins\\all-in-one-wp-migration\\lib\\vendor\\servmask\\filter\\class-ai1wm-recursive-newline-filter.php","line":28}

Jun 11 2024 12:45:44
{"type":8192,"message":"Return type of Ai1wm_Recursive_Newline_Filter::accept() should either be compatible with FilterIterator::accept(): bool, or the #[\\ReturnTypeWillChange] attribute should be used to temporarily suppress the notice","file":"D:\\xampp\\htdocs\\autolisting2\\wp-content\\plugins\\all-in-one-wp-migration\\lib\\vendor\\servmask\\filter\\class-ai1wm-recursive-newline-filter.php","line":28}

Jun 11 2024 12:45:54
{"type":8192,"message":"Return type of Ai1wm_Recursive_Newline_Filter::accept() should either be compatible with FilterIterator::accept(): bool, or the #[\\ReturnTypeWillChange] attribute should be used to temporarily suppress the notice","file":"D:\\xampp\\htdocs\\autolisting2\\wp-content\\plugins\\all-in-one-wp-migration\\lib\\vendor\\servmask\\filter\\class-ai1wm-recursive-newline-filter.php","line":28}

Jun 11 2024 12:46:05
{"type":8192,"message":"Return type of Ai1wm_Recursive_Newline_Filter::accept() should either be compatible with FilterIterator::accept(): bool, or the #[\\ReturnTypeWillChange] attribute should be used to temporarily suppress the notice","file":"D:\\xampp\\htdocs\\autolisting2\\wp-content\\plugins\\all-in-one-wp-migration\\lib\\vendor\\servmask\\filter\\class-ai1wm-recursive-newline-filter.php","line":28}

Jun 11 2024 12:46:15
{"type":8192,"message":"Return type of Ai1wm_Recursive_Newline_Filter::accept() should either be compatible with FilterIterator::accept(): bool, or the #[\\ReturnTypeWillChange] attribute should be used to temporarily suppress the notice","file":"D:\\xampp\\htdocs\\autolisting2\\wp-content\\plugins\\all-in-one-wp-migration\\lib\\vendor\\servmask\\filter\\class-ai1wm-recursive-newline-filter.php","line":28}

Jun 11 2024 12:46:26
{"type":8192,"message":"Return type of Ai1wm_Recursive_Newline_Filter::accept() should either be compatible with FilterIterator::accept(): bool, or the #[\\ReturnTypeWillChange] attribute should be used to temporarily suppress the notice","file":"D:\\xampp\\htdocs\\autolisting2\\wp-content\\plugins\\all-in-one-wp-migration\\lib\\vendor\\servmask\\filter\\class-ai1wm-recursive-newline-filter.php","line":28}

Jun 11 2024 12:46:36
{"type":8192,"message":"Return type of Ai1wm_Recursive_Newline_Filter::accept() should either be compatible with FilterIterator::accept(): bool, or the #[\\ReturnTypeWillChange] attribute should be used to temporarily suppress the notice","file":"D:\\xampp\\htdocs\\autolisting2\\wp-content\\plugins\\all-in-one-wp-migration\\lib\\vendor\\servmask\\filter\\class-ai1wm-recursive-newline-filter.php","line":28}

Jun 11 2024 12:46:47
{"type":8192,"message":"Return type of Ai1wm_Recursive_Newline_Filter::accept() should either be compatible with FilterIterator::accept(): bool, or the #[\\ReturnTypeWillChange] attribute should be used to temporarily suppress the notice","file":"D:\\xampp\\htdocs\\autolisting2\\wp-content\\plugins\\all-in-one-wp-migration\\lib\\vendor\\servmask\\filter\\class-ai1wm-recursive-newline-filter.php","line":28}

Jun 11 2024 12:46:58
{"type":8192,"message":"Return type of Ai1wm_Recursive_Newline_Filter::accept() should either be compatible with FilterIterator::accept(): bool, or the #[\\ReturnTypeWillChange] attribute should be used to temporarily suppress the notice","file":"D:\\xampp\\htdocs\\autolisting2\\wp-content\\plugins\\all-in-one-wp-migration\\lib\\vendor\\servmask\\filter\\class-ai1wm-recursive-newline-filter.php","line":28}

Jun 11 2024 12:47:08
{"type":8192,"message":"Return type of Ai1wm_Recursive_Newline_Filter::accept() should either be compatible with FilterIterator::accept(): bool, or the #[\\ReturnTypeWillChange] attribute should be used to temporarily suppress the notice","file":"D:\\xampp\\htdocs\\autolisting2\\wp-content\\plugins\\all-in-one-wp-migration\\lib\\vendor\\servmask\\filter\\class-ai1wm-recursive-newline-filter.php","line":28}

Jun 11 2024 12:47:19
{"type":8192,"message":"Return type of Ai1wm_Recursive_Newline_Filter::accept() should either be compatible with FilterIterator::accept(): bool, or the #[\\ReturnTypeWillChange] attribute should be used to temporarily suppress the notice","file":"D:\\xampp\\htdocs\\autolisting2\\wp-content\\plugins\\all-in-one-wp-migration\\lib\\vendor\\servmask\\filter\\class-ai1wm-recursive-newline-filter.php","line":28}

Jun 11 2024 12:47:30
{"type":8192,"message":"Return type of Ai1wm_Recursive_Newline_Filter::accept() should either be compatible with FilterIterator::accept(): bool, or the #[\\ReturnTypeWillChange] attribute should be used to temporarily suppress the notice","file":"D:\\xampp\\htdocs\\autolisting2\\wp-content\\plugins\\all-in-one-wp-migration\\lib\\vendor\\servmask\\filter\\class-ai1wm-recursive-newline-filter.php","line":28}

Jun 11 2024 12:47:40
{"type":8192,"message":"Return type of Ai1wm_Recursive_Newline_Filter::accept() should either be compatible with FilterIterator::accept(): bool, or the #[\\ReturnTypeWillChange] attribute should be used to temporarily suppress the notice","file":"D:\\xampp\\htdocs\\autolisting2\\wp-content\\plugins\\all-in-one-wp-migration\\lib\\vendor\\servmask\\filter\\class-ai1wm-recursive-newline-filter.php","line":28}

Jun 11 2024 12:47:51
{"type":8192,"message":"Return type of Ai1wm_Recursive_Newline_Filter::accept() should either be compatible with FilterIterator::accept(): bool, or the #[\\ReturnTypeWillChange] attribute should be used to temporarily suppress the notice","file":"D:\\xampp\\htdocs\\autolisting2\\wp-content\\plugins\\all-in-one-wp-migration\\lib\\vendor\\servmask\\filter\\class-ai1wm-recursive-newline-filter.php","line":28}

Jun 11 2024 12:48:02
{"type":8192,"message":"Return type of Ai1wm_Recursive_Newline_Filter::accept() should either be compatible with FilterIterator::accept(): bool, or the #[\\ReturnTypeWillChange] attribute should be used to temporarily suppress the notice","file":"D:\\xampp\\htdocs\\autolisting2\\wp-content\\plugins\\all-in-one-wp-migration\\lib\\vendor\\servmask\\filter\\class-ai1wm-recursive-newline-filter.php","line":28}

Jun 11 2024 12:48:12
{"type":8192,"message":"Return type of Ai1wm_Recursive_Newline_Filter::accept() should either be compatible with FilterIterator::accept(): bool, or the #[\\ReturnTypeWillChange] attribute should be used to temporarily suppress the notice","file":"D:\\xampp\\htdocs\\autolisting2\\wp-content\\plugins\\all-in-one-wp-migration\\lib\\vendor\\servmask\\filter\\class-ai1wm-recursive-newline-filter.php","line":28}

Jun 11 2024 12:48:23
{"type":8192,"message":"Return type of Ai1wm_Recursive_Newline_Filter::accept() should either be compatible with FilterIterator::accept(): bool, or the #[\\ReturnTypeWillChange] attribute should be used to temporarily suppress the notice","file":"D:\\xampp\\htdocs\\autolisting2\\wp-content\\plugins\\all-in-one-wp-migration\\lib\\vendor\\servmask\\filter\\class-ai1wm-recursive-newline-filter.php","line":28}

Jun 11 2024 12:48:34
{"type":8192,"message":"Return type of Ai1wm_Recursive_Newline_Filter::accept() should either be compatible with FilterIterator::accept(): bool, or the #[\\ReturnTypeWillChange] attribute should be used to temporarily suppress the notice","file":"D:\\xampp\\htdocs\\autolisting2\\wp-content\\plugins\\all-in-one-wp-migration\\lib\\vendor\\servmask\\filter\\class-ai1wm-recursive-newline-filter.php","line":28}

Jun 11 2024 12:48:44
{"type":8192,"message":"Return type of Ai1wm_Recursive_Newline_Filter::accept() should either be compatible with FilterIterator::accept(): bool, or the #[\\ReturnTypeWillChange] attribute should be used to temporarily suppress the notice","file":"D:\\xampp\\htdocs\\autolisting2\\wp-content\\plugins\\all-in-one-wp-migration\\lib\\vendor\\servmask\\filter\\class-ai1wm-recursive-newline-filter.php","line":28}

Jun 11 2024 12:48:55
{"type":8192,"message":"Return type of Ai1wm_Recursive_Newline_Filter::accept() should either be compatible with FilterIterator::accept(): bool, or the #[\\ReturnTypeWillChange] attribute should be used to temporarily suppress the notice","file":"D:\\xampp\\htdocs\\autolisting2\\wp-content\\plugins\\all-in-one-wp-migration\\lib\\vendor\\servmask\\filter\\class-ai1wm-recursive-newline-filter.php","line":28}

Jun 11 2024 12:49:06
{"type":8192,"message":"Return type of Ai1wm_Recursive_Newline_Filter::accept() should either be compatible with FilterIterator::accept(): bool, or the #[\\ReturnTypeWillChange] attribute should be used to temporarily suppress the notice","file":"D:\\xampp\\htdocs\\autolisting2\\wp-content\\plugins\\all-in-one-wp-migration\\lib\\vendor\\servmask\\filter\\class-ai1wm-recursive-newline-filter.php","line":28}

Jun 11 2024 12:49:16
{"type":8192,"message":"Return type of Ai1wm_Recursive_Newline_Filter::accept() should either be compatible with FilterIterator::accept(): bool, or the #[\\ReturnTypeWillChange] attribute should be used to temporarily suppress the notice","file":"D:\\xampp\\htdocs\\autolisting2\\wp-content\\plugins\\all-in-one-wp-migration\\lib\\vendor\\servmask\\filter\\class-ai1wm-recursive-newline-filter.php","line":28}

Jun 11 2024 12:49:27
{"type":8192,"message":"Return type of Ai1wm_Recursive_Newline_Filter::accept() should either be compatible with FilterIterator::accept(): bool, or the #[\\ReturnTypeWillChange] attribute should be used to temporarily suppress the notice","file":"D:\\xampp\\htdocs\\autolisting2\\wp-content\\plugins\\all-in-one-wp-migration\\lib\\vendor\\servmask\\filter\\class-ai1wm-recursive-newline-filter.php","line":28}

Jun 11 2024 12:49:38
{"type":8192,"message":"Return type of Ai1wm_Recursive_Newline_Filter::accept() should either be compatible with FilterIterator::accept(): bool, or the #[\\ReturnTypeWillChange] attribute should be used to temporarily suppress the notice","file":"D:\\xampp\\htdocs\\autolisting2\\wp-content\\plugins\\all-in-one-wp-migration\\lib\\vendor\\servmask\\filter\\class-ai1wm-recursive-newline-filter.php","line":28}

Jun 11 2024 12:49:48
{"type":8192,"message":"Return type of Ai1wm_Recursive_Newline_Filter::accept() should either be compatible with FilterIterator::accept(): bool, or the #[\\ReturnTypeWillChange] attribute should be used to temporarily suppress the notice","file":"D:\\xampp\\htdocs\\autolisting2\\wp-content\\plugins\\all-in-one-wp-migration\\lib\\vendor\\servmask\\filter\\class-ai1wm-recursive-newline-filter.php","line":28}

Jun 11 2024 12:49:59
{"type":8192,"message":"Return type of Ai1wm_Recursive_Newline_Filter::accept() should either be compatible with FilterIterator::accept(): bool, or the #[\\ReturnTypeWillChange] attribute should be used to temporarily suppress the notice","file":"D:\\xampp\\htdocs\\autolisting2\\wp-content\\plugins\\all-in-one-wp-migration\\lib\\vendor\\servmask\\filter\\class-ai1wm-recursive-newline-filter.php","line":28}

Jun 11 2024 12:50:10
{"type":8192,"message":"Return type of Ai1wm_Recursive_Newline_Filter::accept() should either be compatible with FilterIterator::accept(): bool, or the #[\\ReturnTypeWillChange] attribute should be used to temporarily suppress the notice","file":"D:\\xampp\\htdocs\\autolisting2\\wp-content\\plugins\\all-in-one-wp-migration\\lib\\vendor\\servmask\\filter\\class-ai1wm-recursive-newline-filter.php","line":28}

Jun 11 2024 12:50:20
{"type":8192,"message":"Return type of Ai1wm_Recursive_Newline_Filter::accept() should either be compatible with FilterIterator::accept(): bool, or the #[\\ReturnTypeWillChange] attribute should be used to temporarily suppress the notice","file":"D:\\xampp\\htdocs\\autolisting2\\wp-content\\plugins\\all-in-one-wp-migration\\lib\\vendor\\servmask\\filter\\class-ai1wm-recursive-newline-filter.php","line":28}

Jun 11 2024 12:50:31
{"type":8192,"message":"Return type of Ai1wm_Recursive_Newline_Filter::accept() should either be compatible with FilterIterator::accept(): bool, or the #[\\ReturnTypeWillChange] attribute should be used to temporarily suppress the notice","file":"D:\\xampp\\htdocs\\autolisting2\\wp-content\\plugins\\all-in-one-wp-migration\\lib\\vendor\\servmask\\filter\\class-ai1wm-recursive-newline-filter.php","line":28}

Jun 11 2024 12:50:42
{"type":8192,"message":"Return type of Ai1wm_Recursive_Newline_Filter::accept() should either be compatible with FilterIterator::accept(): bool, or the #[\\ReturnTypeWillChange] attribute should be used to temporarily suppress the notice","file":"D:\\xampp\\htdocs\\autolisting2\\wp-content\\plugins\\all-in-one-wp-migration\\lib\\vendor\\servmask\\filter\\class-ai1wm-recursive-newline-filter.php","line":28}

Jun 11 2024 12:50:53
{"type":8192,"message":"Return type of Ai1wm_Recursive_Newline_Filter::accept() should either be compatible with FilterIterator::accept(): bool, or the #[\\ReturnTypeWillChange] attribute should be used to temporarily suppress the notice","file":"D:\\xampp\\htdocs\\autolisting2\\wp-content\\plugins\\all-in-one-wp-migration\\lib\\vendor\\servmask\\filter\\class-ai1wm-recursive-newline-filter.php","line":28}

Jun 11 2024 12:51:03
{"type":8192,"message":"Return type of Ai1wm_Recursive_Newline_Filter::accept() should either be compatible with FilterIterator::accept(): bool, or the #[\\ReturnTypeWillChange] attribute should be used to temporarily suppress the notice","file":"D:\\xampp\\htdocs\\autolisting2\\wp-content\\plugins\\all-in-one-wp-migration\\lib\\vendor\\servmask\\filter\\class-ai1wm-recursive-newline-filter.php","line":28}

Jun 11 2024 12:51:14
{"type":8192,"message":"Return type of Ai1wm_Recursive_Newline_Filter::accept() should either be compatible with FilterIterator::accept(): bool, or the #[\\ReturnTypeWillChange] attribute should be used to temporarily suppress the notice","file":"D:\\xampp\\htdocs\\autolisting2\\wp-content\\plugins\\all-in-one-wp-migration\\lib\\vendor\\servmask\\filter\\class-ai1wm-recursive-newline-filter.php","line":28}

Jun 11 2024 12:51:25
{"type":8192,"message":"Return type of Ai1wm_Recursive_Newline_Filter::accept() should either be compatible with FilterIterator::accept(): bool, or the #[\\ReturnTypeWillChange] attribute should be used to temporarily suppress the notice","file":"D:\\xampp\\htdocs\\autolisting2\\wp-content\\plugins\\all-in-one-wp-migration\\lib\\vendor\\servmask\\filter\\class-ai1wm-recursive-newline-filter.php","line":28}

Jun 11 2024 12:51:35
{"type":8192,"message":"Return type of Ai1wm_Recursive_Newline_Filter::accept() should either be compatible with FilterIterator::accept(): bool, or the #[\\ReturnTypeWillChange] attribute should be used to temporarily suppress the notice","file":"D:\\xampp\\htdocs\\autolisting2\\wp-content\\plugins\\all-in-one-wp-migration\\lib\\vendor\\servmask\\filter\\class-ai1wm-recursive-newline-filter.php","line":28}

Jun 11 2024 12:51:46
{"type":8192,"message":"Return type of Ai1wm_Recursive_Newline_Filter::accept() should either be compatible with FilterIterator::accept(): bool, or the #[\\ReturnTypeWillChange] attribute should be used to temporarily suppress the notice","file":"D:\\xampp\\htdocs\\autolisting2\\wp-content\\plugins\\all-in-one-wp-migration\\lib\\vendor\\servmask\\filter\\class-ai1wm-recursive-newline-filter.php","line":28}

Jun 11 2024 12:51:57
{"type":8192,"message":"Return type of Ai1wm_Recursive_Newline_Filter::accept() should either be compatible with FilterIterator::accept(): bool, or the #[\\ReturnTypeWillChange] attribute should be used to temporarily suppress the notice","file":"D:\\xampp\\htdocs\\autolisting2\\wp-content\\plugins\\all-in-one-wp-migration\\lib\\vendor\\servmask\\filter\\class-ai1wm-recursive-newline-filter.php","line":28}

Jun 11 2024 12:52:08
{"type":8192,"message":"Return type of Ai1wm_Recursive_Newline_Filter::accept() should either be compatible with FilterIterator::accept(): bool, or the #[\\ReturnTypeWillChange] attribute should be used to temporarily suppress the notice","file":"D:\\xampp\\htdocs\\autolisting2\\wp-content\\plugins\\all-in-one-wp-migration\\lib\\vendor\\servmask\\filter\\class-ai1wm-recursive-newline-filter.php","line":28}

Jun 11 2024 12:52:18
{"type":8192,"message":"Return type of Ai1wm_Recursive_Newline_Filter::accept() should either be compatible with FilterIterator::accept(): bool, or the #[\\ReturnTypeWillChange] attribute should be used to temporarily suppress the notice","file":"D:\\xampp\\htdocs\\autolisting2\\wp-content\\plugins\\all-in-one-wp-migration\\lib\\vendor\\servmask\\filter\\class-ai1wm-recursive-newline-filter.php","line":28}

Jun 11 2024 12:52:29
{"type":8192,"message":"Return type of Ai1wm_Recursive_Newline_Filter::accept() should either be compatible with FilterIterator::accept(): bool, or the #[\\ReturnTypeWillChange] attribute should be used to temporarily suppress the notice","file":"D:\\xampp\\htdocs\\autolisting2\\wp-content\\plugins\\all-in-one-wp-migration\\lib\\vendor\\servmask\\filter\\class-ai1wm-recursive-newline-filter.php","line":28}

Jun 11 2024 12:52:39
{"type":8192,"message":"Return type of Ai1wm_Recursive_Newline_Filter::accept() should either be compatible with FilterIterator::accept(): bool, or the #[\\ReturnTypeWillChange] attribute should be used to temporarily suppress the notice","file":"D:\\xampp\\htdocs\\autolisting2\\wp-content\\plugins\\all-in-one-wp-migration\\lib\\vendor\\servmask\\filter\\class-ai1wm-recursive-newline-filter.php","line":28}

Jun 11 2024 12:52:50
{"type":8192,"message":"Return type of Ai1wm_Recursive_Newline_Filter::accept() should either be compatible with FilterIterator::accept(): bool, or the #[\\ReturnTypeWillChange] attribute should be used to temporarily suppress the notice","file":"D:\\xampp\\htdocs\\autolisting2\\wp-content\\plugins\\all-in-one-wp-migration\\lib\\vendor\\servmask\\filter\\class-ai1wm-recursive-newline-filter.php","line":28}

Jun 11 2024 12:53:01
{"type":8192,"message":"Return type of Ai1wm_Recursive_Newline_Filter::accept() should either be compatible with FilterIterator::accept(): bool, or the #[\\ReturnTypeWillChange] attribute should be used to temporarily suppress the notice","file":"D:\\xampp\\htdocs\\autolisting2\\wp-content\\plugins\\all-in-one-wp-migration\\lib\\vendor\\servmask\\filter\\class-ai1wm-recursive-newline-filter.php","line":28}

Jun 11 2024 12:53:02
{"type":8192,"message":"Return type of Ai1wm_Recursive_Newline_Filter::accept() should either be compatible with FilterIterator::accept(): bool, or the #[\\ReturnTypeWillChange] attribute should be used to temporarily suppress the notice","file":"D:\\xampp\\htdocs\\autolisting2\\wp-content\\plugins\\all-in-one-wp-migration\\lib\\vendor\\servmask\\filter\\class-ai1wm-recursive-newline-filter.php","line":28}

Jun 11 2024 12:53:04
{"type":8192,"message":"Return type of Ai1wm_Recursive_Newline_Filter::accept() should either be compatible with FilterIterator::accept(): bool, or the #[\\ReturnTypeWillChange] attribute should be used to temporarily suppress the notice","file":"D:\\xampp\\htdocs\\autolisting2\\wp-content\\plugins\\all-in-one-wp-migration\\lib\\vendor\\servmask\\filter\\class-ai1wm-recursive-newline-filter.php","line":28}

Jun 11 2024 12:53:04
{"Number":8192,"Message":"Creation of dynamic property Ai1wm_Database_Mysqli::$old_replace_raw_values is deprecated","File":"D:\\xampp\\htdocs\\autolisting2\\wp-content\\plugins\\all-in-one-wp-migration\\lib\\vendor\\servmask\\database\\class-ai1wm-database.php","Line":300}

Jun 11 2024 12:53:04
{"Number":8192,"Message":"Creation of dynamic property Ai1wm_Database_Mysqli::$new_replace_raw_values is deprecated","File":"D:\\xampp\\htdocs\\autolisting2\\wp-content\\plugins\\all-in-one-wp-migration\\lib\\vendor\\servmask\\database\\class-ai1wm-database.php","Line":321}

Jun 11 2024 12:53:15
{"type":8192,"message":"Return type of Ai1wm_Recursive_Newline_Filter::accept() should either be compatible with FilterIterator::accept(): bool, or the #[\\ReturnTypeWillChange] attribute should be used to temporarily suppress the notice","file":"D:\\xampp\\htdocs\\autolisting2\\wp-content\\plugins\\all-in-one-wp-migration\\lib\\vendor\\servmask\\filter\\class-ai1wm-recursive-newline-filter.php","line":28}

Jun 11 2024 12:53:15
{"Number":8192,"Message":"Creation of dynamic property Ai1wm_Database_Mysqli::$old_replace_raw_values is deprecated","File":"D:\\xampp\\htdocs\\autolisting2\\wp-content\\plugins\\all-in-one-wp-migration\\lib\\vendor\\servmask\\database\\class-ai1wm-database.php","Line":300}

Jun 11 2024 12:53:15
{"Number":8192,"Message":"Creation of dynamic property Ai1wm_Database_Mysqli::$new_replace_raw_values is deprecated","File":"D:\\xampp\\htdocs\\autolisting2\\wp-content\\plugins\\all-in-one-wp-migration\\lib\\vendor\\servmask\\database\\class-ai1wm-database.php","Line":321}

Jun 11 2024 12:53:20
{"type":8192,"message":"Return type of Ai1wm_Recursive_Newline_Filter::accept() should either be compatible with FilterIterator::accept(): bool, or the #[\\ReturnTypeWillChange] attribute should be used to temporarily suppress the notice","file":"D:\\xampp\\htdocs\\autolisting2\\wp-content\\plugins\\all-in-one-wp-migration\\lib\\vendor\\servmask\\filter\\class-ai1wm-recursive-newline-filter.php","line":28}

Jun 11 2024 12:53:20
{"type":8192,"message":"Return type of Ai1wm_Recursive_Newline_Filter::accept() should either be compatible with FilterIterator::accept(): bool, or the #[\\ReturnTypeWillChange] attribute should be used to temporarily suppress the notice","file":"D:\\xampp\\htdocs\\autolisting2\\wp-content\\plugins\\all-in-one-wp-migration\\lib\\vendor\\servmask\\filter\\class-ai1wm-recursive-newline-filter.php","line":28}

Jun 11 2024 12:53:29
{"type":8192,"message":"Creation of dynamic property ReduxFramework::$field_head is deprecated","file":"D:\\xampp\\htdocs\\autolisting2\\wp-content\\plugins\\apus-framework\\libs\\redux\\redux-core\\inc\\classes\\class-redux-options-constructor.php","line":590}

Jul 08 2024 15:54:19
{"type":8192,"message":"Creation of dynamic property ReduxFramework::$field_head is deprecated","file":"D:\\xampp\\htdocs\\autolisting2\\wp-content\\plugins\\apus-framework\\libs\\redux\\redux-core\\inc\\classes\\class-redux-options-constructor.php","line":590}

Jul 08 2024 15:54:23
{"type":8192,"message":"Creation of dynamic property ReduxFramework::$field_head is deprecated","file":"D:\\xampp\\htdocs\\autolisting2\\wp-content\\plugins\\apus-framework\\libs\\redux\\redux-core\\inc\\classes\\class-redux-options-constructor.php","line":590}

Jul 08 2024 15:54:26
{"type":8192,"message":"Creation of dynamic property ReduxFramework::$field_head is deprecated","file":"D:\\xampp\\htdocs\\autolisting2\\wp-content\\plugins\\apus-framework\\libs\\redux\\redux-core\\inc\\classes\\class-redux-options-constructor.php","line":590}

Jul 08 2024 15:54:29
{"type":8192,"message":"Creation of dynamic property ReduxFramework::$field_head is deprecated","file":"D:\\xampp\\htdocs\\autolisting2\\wp-content\\plugins\\apus-framework\\libs\\redux\\redux-core\\inc\\classes\\class-redux-options-constructor.php","line":590}

Jul 08 2024 15:54:32
{"type":8192,"message":"Creation of dynamic property ReduxFramework::$field_head is deprecated","file":"D:\\xampp\\htdocs\\autolisting2\\wp-content\\plugins\\apus-framework\\libs\\redux\\redux-core\\inc\\classes\\class-redux-options-constructor.php","line":590}

Jul 08 2024 15:54:35
{"type":8192,"message":"Creation of dynamic property ReduxFramework::$field_head is deprecated","file":"D:\\xampp\\htdocs\\autolisting2\\wp-content\\plugins\\apus-framework\\libs\\redux\\redux-core\\inc\\classes\\class-redux-options-constructor.php","line":590}

Jul 08 2024 15:54:38
{"type":8192,"message":"Creation of dynamic property ReduxFramework::$field_head is deprecated","file":"D:\\xampp\\htdocs\\autolisting2\\wp-content\\plugins\\apus-framework\\libs\\redux\\redux-core\\inc\\classes\\class-redux-options-constructor.php","line":590}

Jul 08 2024 15:54:43
{"type":8192,"message":"Creation of dynamic property ReduxFramework::$field_head is deprecated","file":"D:\\xampp\\htdocs\\autolisting2\\wp-content\\plugins\\apus-framework\\libs\\redux\\redux-core\\inc\\classes\\class-redux-options-constructor.php","line":590}

Jul 08 2024 15:54:47
{"type":8192,"message":"Creation of dynamic property ReduxFramework::$field_head is deprecated","file":"D:\\xampp\\htdocs\\autolisting2\\wp-content\\plugins\\apus-framework\\libs\\redux\\redux-core\\inc\\classes\\class-redux-options-constructor.php","line":590}

Jul 08 2024 15:54:50
{"type":8192,"message":"Creation of dynamic property ReduxFramework::$field_head is deprecated","file":"D:\\xampp\\htdocs\\autolisting2\\wp-content\\plugins\\apus-framework\\libs\\redux\\redux-core\\inc\\classes\\class-redux-options-constructor.php","line":590}

Jul 08 2024 15:54:54
{"type":8192,"message":"Creation of dynamic property ReduxFramework::$field_head is deprecated","file":"D:\\xampp\\htdocs\\autolisting2\\wp-content\\plugins\\apus-framework\\libs\\redux\\redux-core\\inc\\classes\\class-redux-options-constructor.php","line":590}

Jul 08 2024 15:54:57
{"type":8192,"message":"Creation of dynamic property ReduxFramework::$field_head is deprecated","file":"D:\\xampp\\htdocs\\autolisting2\\wp-content\\plugins\\apus-framework\\libs\\redux\\redux-core\\inc\\classes\\class-redux-options-constructor.php","line":590}

Jul 08 2024 15:55:00
{"type":8192,"message":"Creation of dynamic property ReduxFramework::$field_head is deprecated","file":"D:\\xampp\\htdocs\\autolisting2\\wp-content\\plugins\\apus-framework\\libs\\redux\\redux-core\\inc\\classes\\class-redux-options-constructor.php","line":590}

Jul 08 2024 15:55:03
{"type":8192,"message":"Creation of dynamic property ReduxFramework::$field_head is deprecated","file":"D:\\xampp\\htdocs\\autolisting2\\wp-content\\plugins\\apus-framework\\libs\\redux\\redux-core\\inc\\classes\\class-redux-options-constructor.php","line":590}

Jul 08 2024 15:55:07
{"type":8192,"message":"Creation of dynamic property ReduxFramework::$field_head is deprecated","file":"D:\\xampp\\htdocs\\autolisting2\\wp-content\\plugins\\apus-framework\\libs\\redux\\redux-core\\inc\\classes\\class-redux-options-constructor.php","line":590}

Jul 08 2024 15:55:10
{"type":8192,"message":"Creation of dynamic property ReduxFramework::$field_head is deprecated","file":"D:\\xampp\\htdocs\\autolisting2\\wp-content\\plugins\\apus-framework\\libs\\redux\\redux-core\\inc\\classes\\class-redux-options-constructor.php","line":590}

Jul 08 2024 15:55:13
{"type":8192,"message":"Creation of dynamic property ReduxFramework::$field_head is deprecated","file":"D:\\xampp\\htdocs\\autolisting2\\wp-content\\plugins\\apus-framework\\libs\\redux\\redux-core\\inc\\classes\\class-redux-options-constructor.php","line":590}

Jul 08 2024 15:55:16
{"type":8192,"message":"Creation of dynamic property ReduxFramework::$field_head is deprecated","file":"D:\\xampp\\htdocs\\autolisting2\\wp-content\\plugins\\apus-framework\\libs\\redux\\redux-core\\inc\\classes\\class-redux-options-constructor.php","line":590}

Jul 08 2024 15:55:20
{"type":8192,"message":"Creation of dynamic property ReduxFramework::$field_head is deprecated","file":"D:\\xampp\\htdocs\\autolisting2\\wp-content\\plugins\\apus-framework\\libs\\redux\\redux-core\\inc\\classes\\class-redux-options-constructor.php","line":590}

Jul 08 2024 15:55:23
{"type":8192,"message":"Creation of dynamic property ReduxFramework::$field_head is deprecated","file":"D:\\xampp\\htdocs\\autolisting2\\wp-content\\plugins\\apus-framework\\libs\\redux\\redux-core\\inc\\classes\\class-redux-options-constructor.php","line":590}

Jul 08 2024 15:55:26
{"type":8192,"message":"Creation of dynamic property ReduxFramework::$field_head is deprecated","file":"D:\\xampp\\htdocs\\autolisting2\\wp-content\\plugins\\apus-framework\\libs\\redux\\redux-core\\inc\\classes\\class-redux-options-constructor.php","line":590}

Jul 08 2024 15:55:29
{"type":8192,"message":"Creation of dynamic property ReduxFramework::$field_head is deprecated","file":"D:\\xampp\\htdocs\\autolisting2\\wp-content\\plugins\\apus-framework\\libs\\redux\\redux-core\\inc\\classes\\class-redux-options-constructor.php","line":590}

Jul 08 2024 15:55:32
{"type":8192,"message":"Creation of dynamic property ReduxFramework::$field_head is deprecated","file":"D:\\xampp\\htdocs\\autolisting2\\wp-content\\plugins\\apus-framework\\libs\\redux\\redux-core\\inc\\classes\\class-redux-options-constructor.php","line":590}

Jul 08 2024 15:55:35
{"type":8192,"message":"Creation of dynamic property ReduxFramework::$field_head is deprecated","file":"D:\\xampp\\htdocs\\autolisting2\\wp-content\\plugins\\apus-framework\\libs\\redux\\redux-core\\inc\\classes\\class-redux-options-constructor.php","line":590}

Jul 08 2024 15:55:38
{"type":8192,"message":"Creation of dynamic property ReduxFramework::$field_head is deprecated","file":"D:\\xampp\\htdocs\\autolisting2\\wp-content\\plugins\\apus-framework\\libs\\redux\\redux-core\\inc\\classes\\class-redux-options-constructor.php","line":590}

Jul 08 2024 15:55:42
{"type":8192,"message":"Creation of dynamic property ReduxFramework::$field_head is deprecated","file":"D:\\xampp\\htdocs\\autolisting2\\wp-content\\plugins\\apus-framework\\libs\\redux\\redux-core\\inc\\classes\\class-redux-options-constructor.php","line":590}

Jul 08 2024 15:55:45
{"type":8192,"message":"Creation of dynamic property ReduxFramework::$field_head is deprecated","file":"D:\\xampp\\htdocs\\autolisting2\\wp-content\\plugins\\apus-framework\\libs\\redux\\redux-core\\inc\\classes\\class-redux-options-constructor.php","line":590}

Jul 08 2024 15:55:48
{"type":8192,"message":"Creation of dynamic property ReduxFramework::$field_head is deprecated","file":"D:\\xampp\\htdocs\\autolisting2\\wp-content\\plugins\\apus-framework\\libs\\redux\\redux-core\\inc\\classes\\class-redux-options-constructor.php","line":590}

Jul 08 2024 15:55:51
{"type":8192,"message":"Creation of dynamic property ReduxFramework::$field_head is deprecated","file":"D:\\xampp\\htdocs\\autolisting2\\wp-content\\plugins\\apus-framework\\libs\\redux\\redux-core\\inc\\classes\\class-redux-options-constructor.php","line":590}

Jul 08 2024 15:55:54
{"type":8192,"message":"Creation of dynamic property ReduxFramework::$field_head is deprecated","file":"D:\\xampp\\htdocs\\autolisting2\\wp-content\\plugins\\apus-framework\\libs\\redux\\redux-core\\inc\\classes\\class-redux-options-constructor.php","line":590}

Jul 08 2024 15:55:57
{"type":8192,"message":"Creation of dynamic property ReduxFramework::$field_head is deprecated","file":"D:\\xampp\\htdocs\\autolisting2\\wp-content\\plugins\\apus-framework\\libs\\redux\\redux-core\\inc\\classes\\class-redux-options-constructor.php","line":590}

Jul 08 2024 15:56:00
{"type":8192,"message":"Creation of dynamic property ReduxFramework::$field_head is deprecated","file":"D:\\xampp\\htdocs\\autolisting2\\wp-content\\plugins\\apus-framework\\libs\\redux\\redux-core\\inc\\classes\\class-redux-options-constructor.php","line":590}

Jul 08 2024 15:56:04
{"type":8192,"message":"Creation of dynamic property ReduxFramework::$field_head is deprecated","file":"D:\\xampp\\htdocs\\autolisting2\\wp-content\\plugins\\apus-framework\\libs\\redux\\redux-core\\inc\\classes\\class-redux-options-constructor.php","line":590}

Jul 08 2024 15:56:07
{"type":8192,"message":"Creation of dynamic property ReduxFramework::$field_head is deprecated","file":"D:\\xampp\\htdocs\\autolisting2\\wp-content\\plugins\\apus-framework\\libs\\redux\\redux-core\\inc\\classes\\class-redux-options-constructor.php","line":590}

Jul 08 2024 15:56:10
{"type":8192,"message":"Creation of dynamic property ReduxFramework::$field_head is deprecated","file":"D:\\xampp\\htdocs\\autolisting2\\wp-content\\plugins\\apus-framework\\libs\\redux\\redux-core\\inc\\classes\\class-redux-options-constructor.php","line":590}

Jul 08 2024 15:56:13
{"type":8192,"message":"Creation of dynamic property ReduxFramework::$field_head is deprecated","file":"D:\\xampp\\htdocs\\autolisting2\\wp-content\\plugins\\apus-framework\\libs\\redux\\redux-core\\inc\\classes\\class-redux-options-constructor.php","line":590}

Jul 08 2024 15:56:16
{"type":8192,"message":"Creation of dynamic property ReduxFramework::$field_head is deprecated","file":"D:\\xampp\\htdocs\\autolisting2\\wp-content\\plugins\\apus-framework\\libs\\redux\\redux-core\\inc\\classes\\class-redux-options-constructor.php","line":590}

Jul 08 2024 15:56:20
{"type":8192,"message":"Creation of dynamic property ReduxFramework::$field_head is deprecated","file":"D:\\xampp\\htdocs\\autolisting2\\wp-content\\plugins\\apus-framework\\libs\\redux\\redux-core\\inc\\classes\\class-redux-options-constructor.php","line":590}

Jul 08 2024 15:56:26
{"type":8192,"message":"Creation of dynamic property ReduxFramework::$field_head is deprecated","file":"D:\\xampp\\htdocs\\autolisting2\\wp-content\\plugins\\apus-framework\\libs\\redux\\redux-core\\inc\\classes\\class-redux-options-constructor.php","line":590}

Jul 08 2024 15:56:31
{"type":8192,"message":"Creation of dynamic property ReduxFramework::$field_head is deprecated","file":"D:\\xampp\\htdocs\\autolisting2\\wp-content\\plugins\\apus-framework\\libs\\redux\\redux-core\\inc\\classes\\class-redux-options-constructor.php","line":590}

Jul 08 2024 15:57:14
{"type":8192,"message":"Creation of dynamic property ReduxFramework::$field_head is deprecated","file":"D:\\xampp\\htdocs\\autolisting2\\wp-content\\plugins\\apus-framework\\libs\\redux\\redux-core\\inc\\classes\\class-redux-options-constructor.php","line":590}

Jul 08 2024 15:57:19
{"type":8192,"message":"Creation of dynamic property ReduxFramework::$field_head is deprecated","file":"D:\\xampp\\htdocs\\autolisting2\\wp-content\\plugins\\apus-framework\\libs\\redux\\redux-core\\inc\\classes\\class-redux-options-constructor.php","line":590}

Jul 08 2024 15:57:32
{"type":8192,"message":"Creation of dynamic property ReduxFramework::$field_head is deprecated","file":"D:\\xampp\\htdocs\\autolisting2\\wp-content\\plugins\\apus-framework\\libs\\redux\\redux-core\\inc\\classes\\class-redux-options-constructor.php","line":590}

Jul 08 2024 15:57:46
{"type":8192,"message":"Creation of dynamic property ReduxFramework::$field_head is deprecated","file":"D:\\xampp\\htdocs\\autolisting2\\wp-content\\plugins\\apus-framework\\libs\\redux\\redux-core\\inc\\classes\\class-redux-options-constructor.php","line":590}

Jul 08 2024 15:57:59
{"type":8192,"message":"Creation of dynamic property ReduxFramework::$field_head is deprecated","file":"D:\\xampp\\htdocs\\autolisting2\\wp-content\\plugins\\apus-framework\\libs\\redux\\redux-core\\inc\\classes\\class-redux-options-constructor.php","line":590}

Jul 08 2024 15:58:05
{"type":8192,"message":"Creation of dynamic property ReduxFramework::$field_head is deprecated","file":"D:\\xampp\\htdocs\\autolisting2\\wp-content\\plugins\\apus-framework\\libs\\redux\\redux-core\\inc\\classes\\class-redux-options-constructor.php","line":590}

Jul 08 2024 15:58:10
{"type":8192,"message":"Creation of dynamic property ReduxFramework::$field_head is deprecated","file":"D:\\xampp\\htdocs\\autolisting2\\wp-content\\plugins\\apus-framework\\libs\\redux\\redux-core\\inc\\classes\\class-redux-options-constructor.php","line":590}

Jul 08 2024 15:58:13
{"Number":8192,"Message":"Creation of dynamic property Ai1wm_Database_Mysqli::$old_replace_raw_values is deprecated","File":"D:\\xampp\\htdocs\\autolisting2\\wp-content\\plugins\\all-in-one-wp-migration\\lib\\vendor\\servmask\\database\\class-ai1wm-database.php","Line":300}

Jul 08 2024 15:58:13
{"Number":8192,"Message":"Creation of dynamic property Ai1wm_Database_Mysqli::$new_replace_raw_values is deprecated","File":"D:\\xampp\\htdocs\\autolisting2\\wp-content\\plugins\\all-in-one-wp-migration\\lib\\vendor\\servmask\\database\\class-ai1wm-database.php","Line":321}

Jul 08 2024 15:58:23
{"type":8192,"message":"Creation of dynamic property ReduxFramework::$field_head is deprecated","file":"D:\\xampp\\htdocs\\autolisting2\\wp-content\\plugins\\apus-framework\\libs\\redux\\redux-core\\inc\\classes\\class-redux-options-constructor.php","line":590}

Jul 08 2024 15:58:24
{"Number":8192,"Message":"Creation of dynamic property Ai1wm_Database_Mysqli::$old_replace_raw_values is deprecated","File":"D:\\xampp\\htdocs\\autolisting2\\wp-content\\plugins\\all-in-one-wp-migration\\lib\\vendor\\servmask\\database\\class-ai1wm-database.php","Line":300}

Jul 08 2024 15:58:24
{"Number":8192,"Message":"Creation of dynamic property Ai1wm_Database_Mysqli::$new_replace_raw_values is deprecated","File":"D:\\xampp\\htdocs\\autolisting2\\wp-content\\plugins\\all-in-one-wp-migration\\lib\\vendor\\servmask\\database\\class-ai1wm-database.php","Line":321}

Jul 08 2024 15:58:32
{"type":8192,"message":"Return type of Ai1wm_Recursive_Newline_Filter::accept() should either be compatible with FilterIterator::accept(): bool, or the #[\\ReturnTypeWillChange] attribute should be used to temporarily suppress the notice","file":"D:\\xampp\\htdocs\\autolisting2\\wp-content\\plugins\\all-in-one-wp-migration\\lib\\vendor\\servmask\\filter\\class-ai1wm-recursive-newline-filter.php","line":28}

Jul 08 2024 15:58:32
{"type":8192,"message":"Return type of Ai1wm_Recursive_Newline_Filter::accept() should either be compatible with FilterIterator::accept(): bool, or the #[\\ReturnTypeWillChange] attribute should be used to temporarily suppress the notice","file":"D:\\xampp\\htdocs\\autolisting2\\wp-content\\plugins\\all-in-one-wp-migration\\lib\\vendor\\servmask\\filter\\class-ai1wm-recursive-newline-filter.php","line":28}

Jul 08 2024 15:58:35
{"type":8192,"message":"Creation of dynamic property ReduxFramework::$field_head is deprecated","file":"D:\\xampp\\htdocs\\autolisting2\\wp-content\\plugins\\apus-framework\\libs\\redux\\redux-core\\inc\\classes\\class-redux-options-constructor.php","line":590}

